<?xml version="1.0" encoding="UTF-8"?>
<testng-results ignored="0" total="2" passed="1" failed="1" skipped="0">
  <reporter-output>
  </reporter-output>
  <suite started-at="2021-10-14T08:01:59 IST" name="Default suite" finished-at="2021-10-14T08:02:13 IST" duration-ms="14131">
    <groups>
    </groups>
    <test started-at="2021-10-14T08:01:59 IST" name="Default test" finished-at="2021-10-14T08:02:06 IST" duration-ms="6200">
      <class name="Test_Runner.KBLogin_TestRunner">
        <test-method is-config="true" signature="open_browser(java.lang.String)[pri:0, instance:Test_Runner.KBLogin_TestRunner@272ed83b]" started-at="2021-10-14T08:01:59 IST" name="open_browser" finished-at="2021-10-14T08:02:03 IST" duration-ms="3437" status="PASS">
          <params>
            <param index="0">
              <value>
                <![CDATA[chrome]]>
              </value>
            </param>
          </params>
          <reporter-output>
          </reporter-output>
        </test-method> <!-- open_browser -->
        <test-method signature="Login_Test_Runner()[pri:0, instance:Test_Runner.KBLogin_TestRunner@272ed83b]" started-at="2021-10-14T08:02:03 IST" name="Login_Test_Runner" finished-at="2021-10-14T08:02:05 IST" duration-ms="2040" status="PASS">
          <reporter-output>
          </reporter-output>
        </test-method> <!-- Login_Test_Runner -->
        <test-method is-config="true" signature="close_browser()[pri:0, instance:Test_Runner.KBLogin_TestRunner@272ed83b]" started-at="2021-10-14T08:02:05 IST" name="close_browser" finished-at="2021-10-14T08:02:06 IST" duration-ms="678" status="PASS">
          <reporter-output>
          </reporter-output>
        </test-method> <!-- close_browser -->
      </class> <!-- Test_Runner.KBLogin_TestRunner -->
    </test> <!-- Default test -->
    <test started-at="2021-10-14T08:02:06 IST" name="Default test1" finished-at="2021-10-14T08:02:13 IST" duration-ms="7866">
      <class name="Test_Runner.KBCreate_Depsit_Accounts_TestRunner">
        <test-method is-config="true" signature="open_browser(java.lang.String)[pri:0, instance:Test_Runner.KBCreate_Depsit_Accounts_TestRunner@6cd28fa7]" started-at="2021-10-14T08:02:06 IST" name="open_browser" finished-at="2021-10-14T08:02:09 IST" duration-ms="2975" status="PASS">
          <params>
            <param index="0">
              <value>
                <![CDATA[edge]]>
              </value>
            </param>
          </params>
          <reporter-output>
          </reporter-output>
        </test-method> <!-- open_browser -->
        <test-method signature="Create_Deposit_Accounts_Test_Runner()[pri:0, instance:Test_Runner.KBCreate_Depsit_Accounts_TestRunner@6cd28fa7]" started-at="2021-10-14T08:02:09 IST" name="Create_Deposit_Accounts_Test_Runner" finished-at="2021-10-14T08:02:13 IST" duration-ms="4094" status="FAIL">
          <exception class="java.lang.AssertionError">
            <message>
              <![CDATA[AssertEquals test is failed! expected [] but found [Accounts]]]>
            </message>
            <full-stacktrace>
              <![CDATA[java.lang.AssertionError: AssertEquals test is failed! expected [] but found [Accounts]
at org.testng.Assert.fail(Assert.java:99)
at org.testng.Assert.failNotEquals(Assert.java:1037)
at org.testng.Assert.assertEqualsImpl(Assert.java:140)
at org.testng.Assert.assertEquals(Assert.java:122)
at org.testng.Assert.assertEquals(Assert.java:629)
at KB_Login_Page.Create_Deposit_Accounts.Create_New_Deposit_Account(Create_Deposit_Accounts.java:56)
at Test_Runner.KBCreate_Depsit_Accounts_TestRunner.Create_Deposit_Accounts_Test_Runner(KBCreate_Depsit_Accounts_TestRunner.java:31)
at java.base/jdk.internal.reflect.NativeMethodAccessorImpl.invoke0(Native Method)
at java.base/jdk.internal.reflect.NativeMethodAccessorImpl.invoke(NativeMethodAccessorImpl.java:62)
at java.base/jdk.internal.reflect.DelegatingMethodAccessorImpl.invoke(DelegatingMethodAccessorImpl.java:43)
at java.base/java.lang.reflect.Method.invoke(Method.java:566)
at org.testng.internal.MethodInvocationHelper.invokeMethod(MethodInvocationHelper.java:133)
at org.testng.internal.TestInvoker.invokeMethod(TestInvoker.java:598)
at org.testng.internal.TestInvoker.invokeTestMethod(TestInvoker.java:173)
at org.testng.internal.MethodRunner.runInSequence(MethodRunner.java:46)
at org.testng.internal.TestInvoker$MethodInvocationAgent.invoke(TestInvoker.java:824)
at org.testng.internal.TestInvoker.invokeTestMethods(TestInvoker.java:146)
at org.testng.internal.TestMethodWorker.invokeTestMethods(TestMethodWorker.java:146)
at org.testng.internal.TestMethodWorker.run(TestMethodWorker.java:128)
at java.base/java.util.ArrayList.forEach(ArrayList.java:1541)
at org.testng.TestRunner.privateRun(TestRunner.java:794)
at org.testng.TestRunner.run(TestRunner.java:596)
at org.testng.SuiteRunner.runTest(SuiteRunner.java:377)
at org.testng.SuiteRunner.runSequentially(SuiteRunner.java:371)
at org.testng.SuiteRunner.privateRun(SuiteRunner.java:332)
at org.testng.SuiteRunner.run(SuiteRunner.java:276)
at org.testng.SuiteRunnerWorker.runSuite(SuiteRunnerWorker.java:53)
at org.testng.SuiteRunnerWorker.run(SuiteRunnerWorker.java:96)
at org.testng.TestNG.runSuitesSequentially(TestNG.java:1212)
at org.testng.TestNG.runSuitesLocally(TestNG.java:1134)
at org.testng.TestNG.runSuites(TestNG.java:1063)
at org.testng.TestNG.run(TestNG.java:1031)
at org.testng.remote.AbstractRemoteTestNG.run(AbstractRemoteTestNG.java:115)
at org.testng.remote.RemoteTestNG.initAndRun(RemoteTestNG.java:251)
at org.testng.remote.RemoteTestNG.main(RemoteTestNG.java:77)
]]>
            </full-stacktrace>
          </exception> <!-- java.lang.AssertionError -->
          <reporter-output>
          </reporter-output>
        </test-method> <!-- Create_Deposit_Accounts_Test_Runner -->
        <test-method is-config="true" signature="close_browser()[pri:0, instance:Test_Runner.KBCreate_Depsit_Accounts_TestRunner@6cd28fa7]" started-at="2021-10-14T08:02:13 IST" name="close_browser" finished-at="2021-10-14T08:02:13 IST" duration-ms="790" status="PASS">
          <reporter-output>
          </reporter-output>
        </test-method> <!-- close_browser -->
      </class> <!-- Test_Runner.KBCreate_Depsit_Accounts_TestRunner -->
    </test> <!-- Default test1 -->
  </suite> <!-- Default suite -->
</testng-results>
