<?xml version="1.0" encoding="UTF-8"?>
<!-- Generated by org.testng.reporters.JUnitXMLReporter -->
<testsuite ignored="0" hostname="LAPTOP-OP00BPI3" failures="1" tests="1" name="Default test1" time="7.866" errors="0" timestamp="2021-10-14T08:02:13 IST">
  <testcase classname="Test_Runner.KBCreate_Depsit_Accounts_TestRunner" name="Create_Deposit_Accounts_Test_Runner" time="4.094">
    <failure type="java.lang.AssertionError" message="AssertEquals test is failed! expected [] but found [Accounts]">
      <![CDATA[java.lang.AssertionError: AssertEquals test is failed! expected [] but found [Accounts]
at KB_Login_Page.Create_Deposit_Accounts.Create_New_Deposit_Account(Create_Deposit_Accounts.java:56)
at Test_Runner.KBCreate_Depsit_Accounts_TestRunner.Create_Deposit_Accounts_Test_Runner(KBCreate_Depsit_Accounts_TestRunner.java:31)
at java.base/java.util.ArrayList.forEach(ArrayList.java:1541)
... Removed 32 stack frames]]>
    </failure>
  </testcase> <!-- Create_Deposit_Accounts_Test_Runner -->
</testsuite> <!-- Default test1 -->
